Team: Bakersfield Brigade, nation: undefined, 0
Team: PSM Makassar, nation: undefined, 1
Team: Johor Darul Ta'zim II F.C., nation: undefined, 2
Team: Atlético Universidad, nation: undefined, 3
Team: U.S. Città di Palermo, nation: undefined, 4
Team: Stanford Cardinal, nation: undefined, 5
Team: IR Tanger, nation: undefined, 6
Team: FC Miami City, nation: undefined, 7
Team: Vefa S.K., nation: undefined, 8
Team: Santos FC (Burkina Faso), nation: undefined, 9
Team: Olympique Béja, nation: undefined, 10
Team: Rüssingen, nation: undefined, 11
Team: Wattenheim, nation: undefined, 12
Team: F.C. Civics Windhoek, nation: undefined, 13
Team: Beşiktaş J.K., nation: undefined, 14
Team: New York Pancyprian-Freedoms, nation: undefined, 15
Team: SK Dynamo České Budějovice, nation: undefined, 16
Team: Real Garcilaso, nation: undefined, 17
Team: Al-Yarmouk SC (Kuwait), nation: undefined, 18
Team: Unisport FC de Bafang, nation: undefined, 19
Team: Perseman Manokwari, nation: undefined, 20
Team: Miami Fusion, nation: undefined, 21
Team: A.D. Turrialba, nation: undefined, 22
Team: Belén F.C., nation: undefined, 23
Team: JS Kairouan, nation: undefined, 24
Team: Bangkok F.C., nation: undefined, 25
Team: Dallas Sidekicks (2012–), nation: undefined, 26
Team: ASC Port Autonome, nation: undefined, 27
Team: EO Goulette et Kram, nation: undefined, 28
Team: SK Rakovník, nation: undefined, 29
Team: SK Kladno, nation: undefined, 30
Team: Daring Club Motema Pembe, nation: undefined, 31
Team: Pittsburgh Spirit, nation: undefined, 32
Team: Timbaúba Futebol Clube, nation: undefined, 33
Team: FK Pelikán Děčín, nation: undefined, 34
Team: SK Český Brod, nation: undefined, 35
Team: NK Iskra Bugojno, nation: undefined, 36
Team: Minnesota Kicks, nation: undefined, 37
Team: FK Laktaši, nation: undefined, 38
Team: PSIM Yogyakarta, nation: undefined, 39
Team: FK Vëllazërimi 77, nation: undefined, 40
Team: San Fernando Valley Quakes, nation: undefined, 41
Team: SV Wacker Burghausen II, nation: undefined, 42
Team: Asociación Coronel Brandsen, nation: undefined, 43
Team: FK Drnovice, nation: undefined, 44
Team: Kedah FA, nation: undefined, 45
Team: Horoya AC, nation: undefined, 46
Team: Al-Sharjah SCC, nation: undefined, 47
Team: FC Spartak-2 Moscow, nation: undefined, 48
Team: Fort Lauderdale Strikers (1977–83), nation: undefined, 49
Team: P.A.O.K., nation: undefined, 50
Team: TOT S.C., nation: undefined, 51
Team: FC Hlučín, nation: undefined, 52
Team: Point Cook SC, nation: undefined, 53
Team: Bala Town F.C., nation: undefined, 54
Team: Impôts FC, nation: undefined, 55
Team: Vissai Ninh Bình F.C., nation: undefined, 56
Team: Sing Tao SC, nation: undefined, 57
Team: Cleveland Crunch, nation: undefined, 58
Team: Geylang International FC, nation: undefined, 59
Team: VfL Wolfsburg II, nation: undefined, 60
Team: FK Novaci, nation: undefined, 61
Team: Nejmeh SC, nation: undefined, 62
Team: FK Poeševo, nation: undefined, 63
Team: Al-Ahed SC, nation: undefined, 64
Team: SCC Mohammédia, nation: undefined, 65
Team: Apollon Smyrni F.C., nation: undefined, 66
Team: Étoile Filante de Ouagadougou, nation: undefined, 67
Team: Persita Tangerang, nation: undefined, 68
Team: C.D. Primeiro de Agosto, nation: undefined, 69
Team: CS Bourgoin-Jallieu, nation: undefined, 70
Team: Unicusano Fondi Calcio, nation: undefined, 71
Team: Parma Calcio 1913, nation: undefined, 72
Team: A.S.D. Città di Nocera 1910, nation: undefined, 73
Team: Pontioi Veria F.C., nation: undefined, 74
Team: Seattle Sounders FC U-23, nation: undefined, 75
Team: Puerto Rico Bayamón, nation: undefined, 76
Team: Cincinnati Dutch Lions, nation: undefined, 77
Team: Cascade Surge, nation: undefined, 78
Team: Cleveland City Stars, nation: undefined, 79
Team: Étoile Lusitana, nation: undefined, 80
Team: Sport Boys, nation: undefined, 81
Team: Marcali, nation: undefined, 82
Team: Princeton University, nation: undefined, 83
Team: Tripoli SC, nation: undefined, 84
Team: C.S. Uruguay de Coronado, nation: undefined, 85
Team: Chainat Hornbill F.C., nation: undefined, 86
Team: New Orleans Jesters, nation: undefined, 87
Team: Vermont Voltage, nation: undefined, 88
Team: Plateau United F.C., nation: undefined, 89
Team: Caroline Hill FC, nation: undefined, 90
Team: Pakhtakor Tashkent FK, nation: undefined, 91
Team: Atlético Deportivo Olímpico, nation: undefined, 92
Team: Unión Deportiva Canarias, nation: undefined, 93
Team: IMG Academy Bradenton, nation: undefined, 94
Team: San Juan Jabloteh F.C., nation: undefined, 95
Team: FK Karaorman, nation: undefined, 96
Team: FC Rodange 91, nation: undefined, 97
Team: FC Andijon, nation: undefined, 98
Team: N.F.C. Orlandina A.S.D., nation: undefined, 99
Team: JSM Tiaret, nation: undefined, 100
Team: Jacksonville Armada FC, nation: undefined, 101
Team: A.S.D. Unione Fincantieri Monfalcone, nation: undefined, 102
Team: FK Borac Kozarska Dubica, nation: undefined, 103
Team: Prestatyn Town F.C., nation: undefined, 104
Team: C.D. Quevedo, nation: undefined, 105
Team: Abahani Limited Dhaka, nation: undefined, 106
Team: Eastern Sports Club, nation: undefined, 107
Team: Hvozdnice (Prague-West District), nation: undefined, 108
Team: Casertana F.C., nation: undefined, 109
Team: Pahang F.C., nation: undefined, 110
Team: Clube Ferroviário da Beira, nation: undefined, 111
Team: C.D. Maxaquene, nation: undefined, 112
Team: Milwaukee Wave, nation: undefined, 113
Team: San Jose Grizzlies, nation: undefined, 114
Team: Mossley, nation: undefined, 115
Team: Chambishi F.C., nation: undefined, 116
Team: 1. FK Příbram, nation: undefined, 117
Team: Rocafuerte F.C., nation: undefined, 118
Team: SK Viktorie Jirny, nation: undefined, 119
Team: Slavia Louňovice, nation: undefined, 120
Team: Crown F.C., nation: undefined, 121
Team: Boston Minutemen, nation: undefined, 122
Team: TBV Lemgo, nation: undefined, 123
Team: Putrajaya SPA F.C., nation: undefined, 124
Team: Al-Ansar SC, nation: undefined, 125
Team: Racing de Casablanca, nation: undefined, 126
Team: C.D. Jalapa, nation: undefined, 127
Team: FK Mladost Velika Obarska, nation: undefined, 128
Team: Austin Aztex FC, nation: undefined, 129
Team: Petaling Jaya City F.C., nation: undefined, 130
Team: Abuja F.C., nation: undefined, 131
Team: Coton Sport FC de Garoua, nation: undefined, 132
Team: Havnar Bóltfelag, nation: undefined, 133
Team: FK Cementarnica 55, nation: undefined, 134
Team: S.S.D. San Nicolò Calcio, nation: undefined, 135
Team: FC Jeunesse Canach, nation: undefined, 136
Team: Panathinaikos A.O., nation: undefined, 137
Team: SV Wehen Wiesbaden II, nation: undefined, 138
Team: Black Mambas F.C., nation: undefined, 139
Team: JUTH F.C., nation: undefined, 140
Team: Baltimore Blast (1980–92), nation: undefined, 141
Team: Fredericksburg Hotspur, nation: undefined, 142
Team: FK Fotbal Třinec, nation: undefined, 143
Team: Orange County Blues FC, nation: undefined, 144
Team: Cincinnati Kings, nation: undefined, 145
Team: Roan United F.C., nation: undefined, 146
Team: S.C. Marsala 1912, nation: undefined, 147
Team: CS Grevenmacher, nation: undefined, 148
Team: Houston Stars, nation: undefined, 149
Team: FK Gorno Lisiče, nation: undefined, 150
Team: Kabuscorp S.C.P., nation: undefined, 151
Team: United Petrotrin F.C., nation: undefined, 152
Team: Deportivo Saprissa, nation: undefined, 153
Team: Kingston FC, nation: undefined, 154
Team: S.L. Benfica (Luanda), nation: undefined, 155
Team: Muaither SC, nation: undefined, 156
Team: Atlético Petróleos de Luanda, nation: undefined, 157
Team: Renaissance Sportive de Berkane, nation: undefined, 158
Team: C.D. Guadalajara Reserves and Academy, nation: undefined, 159
Team: Mufulira Wanderers F.C., nation: undefined, 160
Team: L.D.U. Quito, nation: undefined, 161
Team: Kansas City Spurs, nation: undefined, 162
Team: Kuala Lumpur FA, nation: undefined, 163
Team: San Diego Toros, nation: undefined, 164
Team: Okanagan Challenge, nation: undefined, 165
Team: T&TEC Sports Club, nation: undefined, 166
Team: Palm Beach Pumas, nation: undefined, 167
Team: A.O. Agios Nikolaos F.C., nation: undefined, 168
Team: Guernsey F.C., nation: undefined, 169
Team: Ittihad Khemisset, nation: undefined, 170
Team: AS-FAR Club, nation: undefined, 171
Team: Persires Cirebon FC, nation: undefined, 172
Team: Seattle Storm (soccer), nation: undefined, 173
Team: Gyeongju Korea Hydro & Nuclear Power FC, nation: undefined, 174
Team: Feijenoord district, nation: undefined, 175
Team: FK Belasica, nation: undefined, 176
Team: Oklahoma City Energy FC, nation: undefined, 177
Team: US Témara, nation: undefined, 178
Team: Al-Mesaimeer Sports Club, nation: undefined, 179
Team: V.V. Ajax, nation: undefined, 180
Team: Oakland Clippers, nation: undefined, 181
Team: S.V. Voorwaarts, nation: undefined, 182
Team: Detroit Cougars (soccer), nation: undefined, 183
Team: Tulsa Roughnecks (1978–84), nation: undefined, 184
Team: Portland Timbers (1985–90), nation: undefined, 185
Team: PSGC Ciamis, nation: undefined, 186
Team: PSIS Semarang, nation: undefined, 187
Team: Parrillas One, nation: undefined, 188
Team: W Connection F.C., nation: undefined, 189
Team: Kawkab Marrakech, nation: undefined, 190
Team: Seeb Club, nation: undefined, 191
Team: Köpetdag Aşgabat, nation: undefined, 192
Team: NK Bratstvo Gračanica, nation: undefined, 193
Team: FK Budućnost Banovići, nation: undefined, 194
Team: North East Stars F.C., nation: undefined, 195
Team: Shahzan Muda F.C., nation: undefined, 196
Team: Selangor FA, nation: undefined, 197
Team: Bantu Tshintsha Guluva Rovers F.C., nation: undefined, 198
Team: Portland Timbers (2001–10), nation: undefined, 199
Team: Anambra Pillars F.C., nation: undefined, 200
Team: SK Tatran Poštorná, nation: undefined, 201
Team: Mississauga Eagles FC, nation: undefined, 202
Team: Prime F.C., nation: undefined, 203
Team: Becamex Bình Dương F.C., nation: undefined, 204
Team: Houston Dutch Lions, nation: undefined, 205
Team: SHB Đà Nẵng F.C., nation: undefined, 206
Team: FC Vushtrria, nation: undefined, 207
Team: Roi Et United F.C., nation: undefined, 208
Team: Charlotte Eagles, nation: undefined, 209
Team: Peel A.F.C., nation: undefined, 210
Team: FC Progrès Niederkorn, nation: undefined, 211
Team: FK Tikveš, nation: undefined, 212
Team: Manchester 62 F.C., nation: undefined, 213
Team: Al-Ahli Club (Manama), nation: undefined, 214
Team: Bandung F.C., nation: undefined, 215
Team: Telstar, nation: undefined, 216
Team: Al-Mudhaibi Club, nation: undefined, 217
Team: Al-Nasr SC (Salalah), nation: undefined, 218
Team: L.D.U. Loja, nation: undefined, 219
Team: Ras Al Khaima Club, nation: undefined, 220
Team: C.S.D. Independiente del Valle, nation: undefined, 221
Team: FC Fastav Zlín, nation: undefined, 222
Team: A.S. Lucchese Libertas 1905, nation: undefined, 223
Team: Albany United, nation: undefined, 224
Team: St. Louis Steamers (1979–88), nation: undefined, 225
Team: Rendezvous FC, nation: undefined, 226
Team: FK Leotar, nation: undefined, 227
Team: Delfín S.C., nation: undefined, 228
Team: North Village Rams, nation: undefined, 229
Team: New York Centaurs, nation: undefined, 230
Team: Woodlands Wellington FC, nation: undefined, 231
Team: Al-Jahra SC, nation: undefined, 232
Team: United States Soccer Federation, nation: undefined, 233
Team: Satellite FC, nation: undefined, 234
Team: Shan United F.C., nation: undefined, 235
Team: C.D. Victoria, nation: undefined, 236
Team: Chiangrai United F.C., nation: undefined, 237
Team: S.S. Tavolara Calcio, nation: undefined, 238
Team: Kazma SC, nation: undefined, 239
Team: Altona Magic SC, nation: undefined, 240
Team: C.A. San Cristóbal, nation: undefined, 241
Team: Degerfors, nation: undefined, 242
Team: Arizona Sahuaros, nation: undefined, 243
Team: Mighty Jets F.C., nation: undefined, 244
Team: CS Pétange, nation: undefined, 245
Team: FK Horizont Turnovo, nation: undefined, 246
Team: Romorantin, nation: undefined, 247
Team: S.D. Atlético Nacional, nation: undefined, 248
Team: Chorrillo F.C., nation: undefined, 249
Team: Tauro F.C., nation: undefined, 250
Team: Panamá Viejo F.C., nation: undefined, 251
Team: C.D. Plaza Amador, nation: undefined, 252
Team: FK Jedinstvo Brčko, nation: undefined, 253
Team: California Cougars, nation: undefined, 254
Team: FLC Thanh Hóa F.C., nation: undefined, 255
Team: Deportivo Coopsol, nation: undefined, 256
Team: Toronto Atomic FC, nation: undefined, 257
Team: Bethlehem Steel, nation: undefined, 258
Team: Samut Sakhon City Power F.C., nation: undefined, 259
Team: Sopot, Belgrade, nation: undefined, 260
Team: CF Mounana, nation: undefined, 261
Team: An Giang Province, nation: undefined, 262
Team: Katsina United F.C., nation: undefined, 263
Team: California Victory, nation: undefined, 264
Team: Đồng Tháp F.C., nation: undefined, 265
Team: Persik Kediri, nation: undefined, 266
Team: Léopards Douala, nation: undefined, 267
Team: Public Bank F.C., nation: undefined, 268
Team: FK Rudar Kakanj, nation: undefined, 269
Team: Sevilla FC Puerto Rico, nation: undefined, 270
Team: FK Slavoj Vyšehrad, nation: undefined, 271
Team: Ahli Al-Khaleel, nation: undefined, 272
Team: C.D. Valle del Chota, nation: undefined, 273
Team: Nkana F.C., nation: undefined, 274
Team: Portmore United F.C., nation: undefined, 275
Team: ZESCO United F.C., nation: undefined, 276
Team: Rail Club du Kadiogo, nation: undefined, 277
Team: Al-Ittihad Club (Tripoli), nation: undefined, 278
Team: Prachuap F.C., nation: undefined, 279
Team: Des Moines Menace, nation: undefined, 280
Team: Yee Hope FC, nation: undefined, 281
Team: FK Skopje, nation: undefined, 282
Team: A.S.D. Manzanese, nation: undefined, 283
Team: Sai Kung Friends FC, nation: undefined, 284
Team: Long An F.C., nation: undefined, 285
Team: DFW Tornados, nation: undefined, 286
Team: AS Vita Club, nation: undefined, 287
Team: Al-Nasr SC (Kuwait), nation: undefined, 288
Team: G.D. Sagrada Esperança, nation: undefined, 289
Team: Real de Banjul FC, nation: undefined, 290
Team: Espoir F.C. (Rwanda), nation: undefined, 291
Team: Wydad de Fès, nation: undefined, 292
Team: SC Villa, nation: undefined, 293
Team: Kampala Capital City Authority FC, nation: undefined, 294
Team: Express FC, nation: undefined, 295
Team: A.S.D. Casciana Pelli Sport, nation: undefined, 296
Team: Universidad SC, nation: undefined, 297
Team: NK Čelik Zenica, nation: undefined, 298
Team: FK Rudar Ugljevik, nation: undefined, 299
Team: Felda United F.C., nation: undefined, 300
Team: Kalteng Putra F.C., nation: undefined, 301
Team: Arema Cronus F.C., nation: undefined, 302
Team: Dashen Beer F.C., nation: undefined, 303
Team: EEPCO F.C., nation: undefined, 304
Team: Saint-Médard-en-Jalles, nation: undefined, 305
Team: Sacramento Republic FC, nation: undefined, 306
Team: KAC Kénitra, nation: undefined, 307
Team: Thanda Royal Zulu F.C., nation: undefined, 308
Team: FC Muras-Sport Bishkek, nation: undefined, 309
Team: U.C. Sampdoria, nation: undefined, 310
Team: Rhode Island Stingrays, nation: undefined, 311
Team: FK Shkupi, nation: undefined, 312
Team: FK Drita, nation: undefined, 313
Team: FK 11 Oktomvri, nation: undefined, 314
Team: FK Sloga Jugomagnat, nation: undefined, 315
Team: Aba, Abia, nation: undefined, 316
Team: Tusker F.C., nation: undefined, 317
Team: Coast Stars F.C., nation: undefined, 318
Team: Sisaket F.C., nation: undefined, 319
Team: FK Mutěnice, nation: undefined, 320
Team: Aris Thessaloniki F.C., nation: undefined, 321
Team: Tanjong Pagar United FC, nation: undefined, 322
Team: Yadanarbon F.C., nation: undefined, 323
Team: S.S.C. Napoli, nation: undefined, 324
Team: GPS Portland Phoenix, nation: undefined, 325
Team: A.S. Livorno Calcio, nation: undefined, 326
Team: A.C.R. Messina, nation: undefined, 327
Team: A.C. Tombolo, nation: undefined, 328
Team: Sembawang Rangers FC, nation: undefined, 329
Team: RC Bafoussam, nation: undefined, 330
Team: S.S. Cosmos, nation: undefined, 331
Team: Nasarawa United F.C., nation: undefined, 332
Team: FeralpiSalò, nation: undefined, 333
Team: Venezia F.C., nation: undefined, 334
Team: Lampang F.C., nation: undefined, 335
Team: Santa Tecla F.C., nation: undefined, 336
Team: Qadsia SC, nation: undefined, 337
Team: BCC Lions F.C., nation: undefined, 338
Team: Banco Obrero, nation: undefined, 339
Team: Al-Wehdat SC, nation: undefined, 340
Team: Canon Yaoundé, nation: undefined, 341
Team: Long Island Rough Riders, nation: undefined, 342
Team: Club Jalisco, nation: undefined, 343
Team: AS Salé, nation: undefined, 344
Team: Cibao FC, nation: undefined, 345
Team: Boston Beacons, nation: undefined, 346
Team: CA Bizertin, nation: undefined, 347
Team: Augustinians FC, nation: undefined, 348
Team: UD España, nation: undefined, 349
Team: C.S.D. Municipal, nation: undefined, 350
Team: Al-Ittihad Kalba SC, nation: undefined, 351
Team: C.D. Universidad Católica del Ecuador, nation: undefined, 352
Team: Hong Kong FC, nation: undefined, 353
Team: Bethlehem Steel FC, nation: undefined, 354
Team: C.D. Petrotela, nation: undefined, 355
Team: Albinegros de Orizaba, nation: undefined, 356
Team: Puntarenas F.C., nation: undefined, 357
Team: Columbia Lions, nation: undefined, 358
Team: Boston University Terriers, nation: undefined, 359
Team: Club Sportivo Estudiantes, nation: undefined, 360
Team: Boston College, nation: undefined, 361
Team: Alianza F.C. (Panama), nation: undefined, 362
Team: Asociación Deportiva San Agustín, nation: undefined, 363
Team: Shabab Al-Dhahiriya SC, nation: undefined, 364
Team: C.D.S. Vida, nation: undefined, 365
Team: Long Island Rough Riders (UWS), nation: undefined, 366
Team: Pali Blues, nation: undefined, 367
Team: JS Djijel, nation: undefined, 368
Team: Santos de Guápiles F.C., nation: undefined, 369
Team: Independiente F.C. (El Salvador), nation: undefined, 370
Team: ANTEL (El Salvador football club), nation: undefined, 371
Team: San Salvador F.C., nation: undefined, 372
Team: Club Xelajú MC, nation: undefined, 373
Team: C.D. Águila, nation: undefined, 374
Team: Once Lobos, nation: undefined, 375
Team: C.D. Atlético Marte, nation: undefined, 376
Team: Jakubčovice Fotbal, nation: undefined, 377
Team: Los Caimanes, nation: undefined, 378
Team: Asociación Civil Deportivo Lara, nation: undefined, 379
Team: Club Social, Cultural y Deportivo Grecia, nation: undefined, 380
Team: Dorados de Sinaloa, nation: undefined, 381
Team: Heartland F.C., nation: undefined, 382
Team: TCU Horned Frogs, nation: undefined, 383
Team: Gibraltar United F.C., nation: undefined, 384
Team: York Region Shooters, nation: undefined, 385
Team: UE Rubí, nation: undefined, 386
Team: FK Borac Bosanski Šamac, nation: undefined, 387
Team: Üsküdar Anadolu S.K., nation: undefined, 388
Team: Michigan Bucks, nation: undefined, 389
Team: Deportivo Municipal, nation: undefined, 390
Team: University of Tampa, nation: undefined, 391
Team: Cape Cod Crusaders, nation: undefined, 392
Team: Al Khaleej Club, nation: undefined, 393
Team: Lawn Tennis FC, nation: undefined, 394
Team: Ciclista Lima Association, nation: undefined, 395
Team: Tai Chung FC, nation: undefined, 396
Team: Estudiantes de Mérida, nation: undefined, 397
Team: AS Stade Mandji, nation: undefined, 398
Team: Atlético Venezuela, nation: undefined, 399
Team: Unión Atlético Maracaibo, nation: undefined, 400
Team: Nacional Táchira, nation: undefined, 401
Team: Deportivo Azogues, nation: undefined, 402
Team: Brooklyn Italians, nation: undefined, 403
Team: Samger FC, nation: undefined, 404
Team: Abuko United FC, nation: undefined, 405
Team: Sport Huancayo, nation: undefined, 406
Team: Unión Comercio, nation: undefined, 407
Team: Polonia Bydgoszcz, nation: undefined, 408
Team: University of Connecticut, nation: undefined, 409
Team: U.S. Cremonese, nation: undefined, 410
Team: Al-Ahli SC (Tripoli), nation: undefined, 411
Team: S.P. Reno Centese A.S.D., nation: undefined, 412
Team: Puebla F.C., nation: undefined, 413
Team: U.S. Sassuolo Calcio, nation: undefined, 414
Team: Albignasego, nation: undefined, 415
Team: A.S.D. S.C. Nissa 1962, nation: undefined, 416
Team: Ethnikos Alexandroupoli F.C., nation: undefined, 417
Team: Atalanta B.C., nation: undefined, 418
Team: S.S. Virtus Lanciano 1924, nation: undefined, 419
Team: Carolina RailHawks, nation: undefined, 420
Team: A.S. Cittadella, nation: undefined, 421
Team: Nuorese Calcio, nation: undefined, 422
Team: Al Thaid, nation: undefined, 423
Team: Alianza Atlético, nation: undefined, 424
Team: S.S. Taranto Football Club 1927, nation: undefined, 425
Team: L.D.U. Portoviejo, nation: undefined, 426
Team: S.S. Racing Club Roma, nation: undefined, 427
Team: Ayacucho FC, nation: undefined, 428
Team: Saronno, nation: undefined, 429
Team: Casale F.B.C., nation: undefined, 430
Team: Clube Atlético Penapolense, nation: undefined, 431
Team: A.C. Castellettese, nation: undefined, 432
Team: Carlos A. Mannucci, nation: undefined, 433
Team: Markopoulo Mesogaias, nation: undefined, 434
Team: S.S. San Giovanni, nation: undefined, 435
Team: A.C. Voghera, nation: undefined, 436
Team: A.S.D. Fortis Juventus 1909, nation: undefined, 437
Team: A.S.D. Olimpia Colligiana, nation: undefined, 438
Team: U.S. Borgo a Buggiano 1920, nation: undefined, 439
Team: Calcio Padova, nation: undefined, 440
Team: U.S. Agropoli 1921, nation: undefined, 441
Team: A.S.D. Campobello, nation: undefined, 442
Team: A.S.D. Termoli Calcio 1920, nation: undefined, 443
Team: S.S.D. Vivi Altotevere Sansepolcro, nation: undefined, 444
Team: A.C. Bastia 1924, nation: undefined, 445
Team: S.S.D. Sapri Calcio, nation: undefined, 446
Team: Ponsacco, nation: undefined, 447
Team: FC Bunyodkor, nation: undefined, 448
Team: Chicago Spurs, nation: undefined, 449
Team: A.C. Monteriggioni A.S.D., nation: undefined, 450
Team: A.S. Gubbio 1910, nation: undefined, 451
Team: S.S. Monopoli 1966, nation: undefined, 452
Team: S.S. Maceratese, nation: undefined, 453
Team: A.S.D. Flaminia Civita Castellana, nation: undefined, 454
Team: A.D. Voluntas Calcio Spoleto, nation: undefined, 455
Team: A.S.D. S.S. Nola 1925, nation: undefined, 456
Team: A.S.D. Sanremese, nation: undefined, 457
Team: Aigle Royal Menoua, nation: undefined, 458
Team: G.S.D. RapalloBogliasco, nation: undefined, 459
Team: A.S.D. OltrepoVoghera, nation: undefined, 460
Team: Arsenal de Sarandí, nation: undefined, 461
Team: A.C. ChievoVerona, nation: undefined, 462
Team: Deportivo Malacateco, nation: undefined, 463
Team: Celano F.C. Marsica, nation: undefined, 464
Team: Merano, nation: undefined, 465
Team: Crevalcore, nation: undefined, 466
Team: A.S.D. Socio Culturale Castiadas, nation: undefined, 467
Team: S.S. Ischia Isolaverde, nation: undefined, 468
Team: Luparense F.C. (football), nation: undefined, 469
Team: A.S.D. Cecina, nation: undefined, 470
Team: A.C. Fidenza 1922, nation: undefined, 471
Team: A.C.D. Treviso 2013, nation: undefined, 472
Team: Ravenna F.C., nation: undefined, 473
Team: S.S.D. Settimo Calcio, nation: undefined, 474
Team: A.S. Viterbese Calcio, nation: undefined, 475
Team: Deportivo Junín, nation: undefined, 476
Team: Los Espartanos de Pacasmayo, nation: undefined, 477
Team: A.S.D. SolbiaSommese Calcio, nation: undefined, 478
Team: F.C. Real Città di Vico Equense, nation: undefined, 479
Team: Real Monarchs, nation: undefined, 480
Team: A.S.D. Todi, nation: undefined, 481
Team: Mukura Victory Sports F.C., nation: undefined, 482
Team: Rajpracha F.C., nation: undefined, 483
Team: Rossanese A.S.D., nation: undefined, 484
Team: Air Force Central F.C., nation: undefined, 485
Team: Olympique de Casablanca, nation: undefined, 486
Team: Union de Touarga, nation: undefined, 487
Team: Zamora FC, nation: undefined, 488
Team: Club Atlético River Plate Puerto Rico, nation: undefined, 489
Team: Varese Calcio S.S.D., nation: undefined, 490
Team: Taraba F.C., nation: undefined, 491
Team: Perak FA, nation: undefined, 492
Team: Carabobo FC, nation: undefined, 493
Team: MO Constantine, nation: undefined, 494
Team: A.S.D. Jolly Montemurlo, nation: undefined, 495
Team: Urbs Sportiva Reggina 1914, nation: undefined, 496
Team: Cienciano, nation: undefined, 497
Team: A.C. Giacomense, nation: undefined, 498
Team: A.C. Savoia 1908, nation: undefined, 499
Team: A.S.D. Imperia, nation: undefined, 500
Team: Santegidiese Calcio S.S.D., nation: undefined, 501
Team: S.S.D. Calcio San Donà, nation: undefined, 502
Team: S.S.D. Vigontina Calcio, nation: undefined, 503
Team: U.S. Palestrina 1919, nation: undefined, 504
Team: San Luis F.C., nation: undefined, 505
Team: Real C.D. España, nation: undefined, 506
Team: A.S.D. Modica Calcio, nation: undefined, 507
Team: Vigontina San Paolo F.C., nation: undefined, 508
Team: N.K. Kras A.S.D., nation: undefined, 509
Team: Monaco, nation: undefined, 510
Team: Gateway United F.C., nation: undefined, 511
Team: U.S. Sestese Calcio, nation: undefined, 512
Team: F.C. Calcio Acri, nation: undefined, 513
Team: F.C. Ponsacco 1920 S.S.D., nation: undefined, 514
Team: Rosetana Calcio, nation: undefined, 515
Team: G.S.F. Giovanni Grion Pola, nation: undefined, 516
Team: A.S.D. Riccione 1929, nation: undefined, 517
Team: A.S.D. Pol. Tamai, nation: undefined, 518
Team: Club Sportivo Buenos Aires, nation: undefined, 519
Team: Alianza Lima, nation: undefined, 520
Team: Sheikh Russel KC, nation: undefined, 521
Team: Sriwijaya F.C., nation: undefined, 522
Team: A.S.D.P. Ribera 1954, nation: undefined, 523
Team: US Ouagadougou, nation: undefined, 524
Team: St. Louis Strikers, nation: undefined, 525
Team: MC Oujda, nation: undefined, 526
Team: Delta Force F.C., nation: undefined, 527
Team: U.S. Poggibonsi, nation: undefined, 528
Team: A.S.D. SanGiovanniValdarno, nation: undefined, 529
Team: A.C.D. Guidonia Montecelio, nation: undefined, 530
Team: Isernia F.C., nation: undefined, 531
Team: Al-Wakrah Sport Club, nation: undefined, 532
Team: Trat F.C., nation: undefined, 533
Team: RC Haïtien, nation: undefined, 534
Team: Hà Nội T&T F.C., nation: undefined, 535
Team: Stade Bordelais, nation: undefined, 536
Team: Sun Hei SC, nation: undefined, 537
Team: Al Wahda FC, nation: undefined, 538
Team: Tempio Pausania, nation: undefined, 539
Team: A.D. Sagrada Familia, nation: undefined, 540
Team: Connecticut Bicentennials, nation: undefined, 541
Team: SCM Oran, nation: undefined, 542
Team: F.C. Esperia Viareggio, nation: undefined, 543
Team: U.C. AlbinoLeffe, nation: undefined, 544
Team: Penang FA, nation: undefined, 545
Team: Hafia FC, nation: undefined, 546
Team: Manado United, nation: undefined, 547
Team: St. Louis Stars (soccer), nation: undefined, 548
Team: PKNS F.C., nation: undefined, 549
Team: USM Bel-Abbès, nation: undefined, 550
Team: Ostuni Sport, nation: undefined, 551
Team: ES Hammam-Sousse, nation: undefined, 552
Team: AS Marsa, nation: undefined, 553
Team: Hydra AC, nation: undefined, 554
Team: Paradou AC, nation: undefined, 555
Team: S.S.D. Group Città di Castello, nation: undefined, 556
Team: FK Slavija Sarajevo, nation: undefined, 557
Team: S.S.D. Piovese, nation: undefined, 558
Team: A.S. Martina Franca 1947, nation: undefined, 559
Team: CS Saint-Denis, nation: undefined, 560
Team: AS Gabès, nation: undefined, 561
Team: A.S.D. Albignasego Calcio, nation: undefined, 562
Team: Salam Zgharta, nation: undefined, 563
Team: Cobán Imperial, nation: undefined, 564
Team: Hamra Annaba, nation: undefined, 565
Team: U.S.D. Noto Calcio, nation: undefined, 566
Team: Atessa Val di Sangro S.S.D., nation: undefined, 567
Team: U.S. Arzanese, nation: undefined, 568
Team: Colorno, nation: undefined, 569
Team: San Secondo Parmense, nation: undefined, 570
Team: G.D. Interclube, nation: undefined, 571
Team: S.F. Aversa Normanna, nation: undefined, 572
Team: C.D. Real Sociedad, nation: undefined, 573
Team: A.S. Cosenza Calcio, nation: undefined, 574
Team: Al Sadd SC, nation: undefined, 575
Team: U.S.D. Forte dei Marmi, nation: undefined, 576
Team: Club Franciscain, nation: undefined, 577
Team: KÍ Klaksvík, nation: undefined, 578
Team: F.C. Fossombrone, nation: undefined, 579
Team: Estudiantes de Medicina, nation: undefined, 580
Team: U.S. Russi, nation: undefined, 581
Team: A.S.D. Cerea 1912, nation: undefined, 582
Team: BEC Tero Sasana F.C., nation: undefined, 583
Team: Chonburi F.C., nation: undefined, 584
Team: Brujas F.C., nation: undefined, 585
Team: Persibo Bojonegoro, nation: undefined, 586
Team: C.D. Cuenca, nation: undefined, 587
Team: A.C. Cattolica Calcio, nation: undefined, 588
Team: S.S. Pennarossa, nation: undefined, 589
Team: U.S.D. Castelsardo, nation: undefined, 590
Team: Cuoiovaldarno R.F.C., nation: undefined, 591
Team: Westchester Flames, nation: undefined, 592
Team: FK Sutjeska Foča, nation: undefined, 593
Team: SC Steinfort, nation: undefined, 594
Team: SK Slavia Prague, nation: undefined, 595
Team: Al-Muharraq SC, nation: undefined, 596
Team: Real Maryland F.C., nation: undefined, 597
Team: Al-Fujairah SC, nation: undefined, 598
Team: Old Edwardians F.C., nation: undefined, 599
Team: Universidad Metropolitana, nation: undefined, 600
Team: La Salle FC, nation: undefined, 601
Team: FC RM Hamm Benfica, nation: undefined, 602
Team: Phuket F.C., nation: undefined, 603
Team: Unione Triestina 2012 S.S.D., nation: undefined, 604
Team: Trapani Calcio, nation: undefined, 605
Team: Bologna F.C. 1909, nation: undefined, 606
Team: Portuguesa F.C., nation: undefined, 607
Team: Sport Áncash, nation: undefined, 608
Team: Al-Rayyan SC, nation: undefined, 609
Team: Dibba Al-Fujairah Club, nation: undefined, 610
Team: Panthère du Ndé, nation: undefined, 611
Team: F.C. Grosseto S.S.D., nation: undefined, 612
Team: Brookhattan, nation: undefined, 613
Team: F.C.D. Lottogiaveno, nation: undefined, 614
Team: A.C. Codogno 1908, nation: undefined, 615
Team: A.S.D. Astrea, nation: undefined, 616
Team: US Chaouia, nation: undefined, 617
Team: Cagliari Calcio, nation: undefined, 618
Team: Camaiore Calcio A.S.D., nation: undefined, 619
Team: S.S. Sambenedettese Calcio, nation: undefined, 620
Team: A.C. Delta Calcio Rovigo, nation: undefined, 621
Team: Al Wakrah, nation: undefined, 622
Team: A.C.M.M. Sarego A.S.D., nation: undefined, 623
Team: US Bénédictine, nation: undefined, 624
Team: A.S.D. Villafranca, nation: undefined, 625
Team: JS Saoura, nation: undefined, 626
Team: 1. SK Prostějov, nation: undefined, 627
Team: FB Île-Rousse, nation: undefined, 628
Team: FC Vereya, nation: undefined, 629
Team: S.S.D. Vis Pesaro 1898, nation: undefined, 630
Team: Real Vicenza V.S., nation: undefined, 631
Team: Pinerolo Football Club, nation: undefined, 632
Team: Mariscal Sucre, nation: undefined, 633
Team: Inter Milan, nation: undefined, 634
Team: HinterReggio Calcio, nation: undefined, 635
Team: Empoli F.C., nation: undefined, 636
Team: A.S.D. Itala San Marco Gradisca, nation: undefined, 637
Team: Orvietana Calcio, nation: undefined, 638
Team: U.S.D. Zagarolo, nation: undefined, 639
Team: A.S.D. Fersina Perginese, nation: undefined, 640
Team: Club 9 de Octubre, nation: undefined, 641
Team: Citizen AA, nation: undefined, 642
Team: S.S. Formia Calcio, nation: undefined, 643
Team: MSP Batna, nation: undefined, 644
Team: FC Avirons, nation: undefined, 645
Team: U.S. Pergolese, nation: undefined, 646
Team: Étoile Sportive du Sahel, nation: undefined, 647
Team: AC Sodigraf, nation: undefined, 648
Team: Étoile Filante du Togo, nation: undefined, 649
Team: Ifeanyi Ubah F.C., nation: undefined, 650
Team: UiTM F.C., nation: undefined, 651
Team: F.C. Verbano Calcio, nation: undefined, 652
Team: Masvingo United F.C., nation: undefined, 653
Team: A.S.D. Anziolavinio, nation: undefined, 654
Team: RC Arbaâ, nation: undefined, 655
Team: Al-Ahly SC (Benghazi), nation: undefined, 656
Team: S.S. Ebolitana 1925, nation: undefined, 657
Team: Sociedade Esportiva Palmeiras, nation: undefined, 658
Team: Benevento Calcio, nation: undefined, 659
Team: S.S.D. Città di Campobasso, nation: undefined, 660
Team: A.S.D. Boca Pietri, nation: undefined, 661
Team: Gaeta Calcio 1931, nation: undefined, 662
Team: F.C. Legnago Salus S.S.D., nation: undefined, 663
Team: Sport Coopsol, nation: undefined, 664
Team: C.D. Árabe Unido, nation: undefined, 665
Team: A.S. Pro Gorizia, nation: undefined, 666
Team: U.S. Bitonto, nation: undefined, 667
Team: A.S. Bisceglie Calcio 1913, nation: undefined, 668
Team: S.S. Fidelis Andria 1928, nation: undefined, 669
Team: S.S. Matelica Calcio, nation: undefined, 670
Team: A.C. Trento S.C.S.D., nation: undefined, 671
Team: A.S.D. Sacilese Calcio, nation: undefined, 672
Team: Derthona F.B.C. 1908, nation: undefined, 673
Team: Puerto Rico Islanders, nation: undefined, 674
Team: A.S.D. Cagliese Calcio, nation: undefined, 675
Team: A.S. Siracusa, nation: undefined, 676
Team: AS Magenta, nation: undefined, 677
Team: Al-Nasr SC (Benghazi), nation: undefined, 678
Team: AS Mirebalais, nation: undefined, 679
Team: A.S.D. Cervia 1920, nation: undefined, 680
Team: S.S.D. Potenza Calcio, nation: undefined, 681
Team: A.S.D. Giarre Calcio 1946, nation: undefined, 682
Team: A.C. Tuttocuoio 1957 San Miniato, nation: undefined, 683
Team: AS FAN, nation: undefined, 684
Team: A.S.D.C. Magenta, nation: undefined, 685
Team: A.S. Roma Futsal, nation: undefined, 686
Team: Torino F.C., nation: undefined, 687
Team: Al-Orouba SC, nation: undefined, 688
Team: F.S. Sestrese Calcio 1919, nation: undefined, 689
Team: U.S.D. Olginatese, nation: undefined, 690
Team: A.S.D. Atletico Castenaso Van Goof, nation: undefined, 691
Team: Modena F.C., nation: undefined, 692
Team: F.C. Bolzano 1996, nation: undefined, 693
Team: A.C. Milan, nation: undefined, 694
Team: Sài Gòn F.C., nation: undefined, 695
Team: Lu indialett di lu Uašt, nation: undefined, 696
Team: U.S. Pergolettese 1932, nation: undefined, 697
Team: Club Deportivo Pacífico FC, nation: undefined, 698
Team: Alianza Universidad, nation: undefined, 699
Team: A.S.D. Città di Giulianova 1924, nation: undefined, 700
Team: A.C. Castellana Calcio, nation: undefined, 701
Team: Desportivo Maputo, nation: undefined, 702
Team: A.S.D.C. Pomigliano, nation: undefined, 703
Team: F.C. Pro Vercelli 1892, nation: undefined, 704
Team: Bali United F.C., nation: undefined, 705
Team: A.S.D. Gelbison Cilento Vallo della Lucania, nation: undefined, 706
Team: COD Meknès, nation: undefined, 707
Team: AS Onze Créateurs de Niaréla, nation: undefined, 708
Team: Sông Lam Nghệ An F.C., nation: undefined, 709
Team: Club Deportivo Olimpia, nation: undefined, 710
Team: C.D. Necaxa, nation: undefined, 711
Team: U.S. Palmese 1912, nation: undefined, 712
Team: Tampa Bay Rowdies (1975–93), nation: undefined, 713
Team: Hellas Verona F.C., nation: undefined, 714
Team: Caracas FC, nation: undefined, 715
Team: CARA Brazzaville, nation: undefined, 716
Team: Saint-Pauloise FC, nation: undefined, 717
Team: FC Etzella Ettelbruck, nation: undefined, 718
Team: A.S. Fortis Spoleto F.C., nation: undefined, 719
Team: AS Dragons, nation: undefined, 720
Team: Savona, nation: undefined, 721
Team: U.S.C. Colognese, nation: undefined, 722
Team: A.S.D. MapelloBonate Calcio, nation: undefined, 723
Team: PSPS Pekanbaru, nation: undefined, 724
Team: S.S.D. Calcio Marano, nation: undefined, 725
Team: Miami Fusion FC (2015–), nation: undefined, 726
Team: Sahel SC, nation: undefined, 727
Team: A.S.D. Civitavecchia 1920, nation: undefined, 728
Team: MO Béjaïa, nation: undefined, 729
Team: A.S.D. Junior Biellese Libertas, nation: undefined, 730
Team: S.S. Robur Siena, nation: undefined, 731
Team: A.S.D. Calcio Chieri 1955, nation: undefined, 732
Team: San Gimignano, nation: undefined, 733
Team: Mitra Kukar F.C., nation: undefined, 734
Team: A.S.D. Mezzolara, nation: undefined, 735
Team: U.S.D. 1913 Seregno Calcio, nation: undefined, 736
Team: Collex-Bossy, nation: undefined, 737
Team: A.S.D. Cynthia 1920, nation: undefined, 738
Team: Létavértes, nation: undefined, 739
Team: Uzès, nation: undefined, 740
Team: A.S.D. S.E.F. Tempio Pausania, nation: undefined, 741
Team: Missile FC, nation: undefined, 742
Team: Fucecchio, nation: undefined, 743
Team: Nadi F.C., nation: undefined, 744
Team: S.S. Akragas Città dei Templi, nation: undefined, 745
Team: S.S. Verbania Calcio, nation: undefined, 746
Team: Al-Sailiya SC, nation: undefined, 747
Team: Minervén S.C., nation: undefined, 748
Team: Dynamic Togolais, nation: undefined, 749
Team: Bagheria, nation: undefined, 750
Team: US Tébessa, nation: undefined, 751
Team: Sogéa FC, nation: undefined, 752
Team: Universidad de Los Andes FC, nation: undefined, 753
Team: Tiko United, nation: undefined, 754
Team: Neuilly-sur-Seine, nation: undefined, 755
Team: Boca Raton FC, nation: undefined, 756
Team: U.S.D. Cavese 1919, nation: undefined, 757
Team: Platense F.C., nation: undefined, 758
Team: Al-Gharafa Sports Club, nation: undefined, 759
Team: U.S. Latina Calcio, nation: undefined, 760
Team: FK Ohrid, nation: undefined, 761
Team: F.C. Internazionale Milano Primavera, nation: undefined, 762
Team: São Paulo FC, nation: undefined, 763
Team: A.S.D. Francavilla Calcio, nation: undefined, 764
Team: C.D. FAS, nation: undefined, 765
Team: MFK Vítkovice, nation: undefined, 766
Team: Lodigiani Calcio, nation: undefined, 767
Team: FC Wiltz 71, nation: undefined, 768
Team: F91 Dudelange, nation: undefined, 769
Team: Sanna Khánh Hòa BVN F.C., nation: undefined, 770
Team: FC Grenoble, nation: undefined, 771
Team: Thillot, nation: undefined, 772
Team: FC Swift Hesperange, nation: undefined, 773
Team: USM El Harrach, nation: undefined, 774
Team: Arsenal F.C. (Honduras), nation: undefined, 775
Team: Royal Thai Navy F.C., nation: undefined, 776
Team: MC El Eulma, nation: undefined, 777
Team: IRB Sougueur, nation: undefined, 778
Team: Umm Salal SC, nation: undefined, 779
Team: Al-Merrikh SC, nation: undefined, 780
Team: Lormont, nation: undefined, 781
Team: A.S. Pirae, nation: undefined, 782
Team: CS Fola Esch, nation: undefined, 783
Team: Gomido FC, nation: undefined, 784
Team: Hassania Agadir, nation: undefined, 785
Team: FC Prishtina, nation: undefined, 786
Team: AS Bakaridjan, nation: undefined, 787
Team: Dynamos F.C., nation: undefined, 788
Team: Highlanders F.C., nation: undefined, 789
Team: Al-Ittihad SC Aleppo, nation: undefined, 790
Team: Pol. Alghero, nation: undefined, 791
Team: ASPAC FC, nation: undefined, 792
Team: Konkola Blades F.C., nation: undefined, 793
Team: AS Béziers Hérault, nation: undefined, 794
Team: Seattle Sounders (1994–2008), nation: undefined, 795
Team: F.C. Francavilla, nation: undefined, 796
Team: FC Viktoria Plzeň, nation: undefined, 797
Team: Lincoln Red Imps F.C., nation: undefined, 798
Team: Kabwe Warriors F.C., nation: undefined, 799
Team: San Jose Earthquakes (1974–88), nation: undefined, 800
Team: NK Slaven Živinice, nation: undefined, 801
Team: Nchanga Rangers F.C., nation: undefined, 802
Team: San Francisco Golden Gate Gales, nation: undefined, 803
Team: Inter Club Brazzaville, nation: undefined, 804
Team: Pro Duta F.C., nation: undefined, 805
Team: Milwaukee Rampage, nation: undefined, 806
Team: SFC Opava, nation: undefined, 807
Team: Al-Shaab CSC, nation: undefined, 808
Team: FK Bohemians Prague (Střížkov), nation: undefined, 809
Team: New England Tea Men, nation: undefined, 810
Team: CO de Bamako, nation: undefined, 811
Team: KF Liria, nation: undefined, 812
Team: Vigor Lamezia, nation: undefined, 813
Team: U.S. Lecce, nation: undefined, 814
Team: Green Buffaloes F.C., nation: undefined, 815
Team: Hougang United FC, nation: undefined, 816
Team: FK Chmel Blšany, nation: undefined, 817
Team: U.S. Adriese, nation: undefined, 818
Team: Sacramento Gold (2009–), nation: undefined, 819
Team: A.C. Pisa 1909, nation: undefined, 820
Team: 1. FC Saarbrücken II, nation: undefined, 821
Team: Al Ain FC, nation: undefined, 822
Team: Bendel Insurance F.C., nation: undefined, 823
Team: Atlético Grau, nation: undefined, 824
Team: Al Dhafra FC, nation: undefined, 825
Team: Ocean Boys F.C., nation: undefined, 826
Team: Bayelsa United F.C., nation: undefined, 827
Team: Fenerbahçe S.K., nation: undefined, 828
Team: New York Generals, nation: undefined, 829
Team: ASO Chlef, nation: undefined, 830
Team: Tampines Rovers FC, nation: undefined, 831
Team: Étoile de Guinée, nation: undefined, 832
Team: Olbia Calcio 1905, nation: undefined, 833
Team: A.S. Giana Erminio, nation: undefined, 834
Team: US Stade Tamponnaise, nation: undefined, 835
Team: A.C. Este, nation: undefined, 836
Team: Mantova F.C., nation: undefined, 837
Team: Richmond Kickers, nation: undefined, 838
Team: FK Hvězda Cheb, nation: undefined, 839
Team: Club Deportivo Universidad César Vallejo, nation: undefined, 840
Team: Wilmington Hammerheads FC, nation: undefined, 841
Team: Trujillanos FC, nation: undefined, 842
Team: Port F.C., nation: undefined, 843
Team: Fredericksburg FC, nation: undefined, 844
Team: Persebaya Surabaya, nation: undefined, 845
Team: U.S.D. Atletico Catania, nation: undefined, 846
Team: U.S. Tolentino, nation: undefined, 847
Team: Aragua F.C., nation: undefined, 848
Team: FK Velež Mostar, nation: undefined, 849
Team: Al Shabab (Dubai), nation: undefined, 850
Team: Racing Beirut, nation: undefined, 851
Team: Global F.C., nation: undefined, 852
Team: Ceres–Negros F.C., nation: undefined, 853
Team: Olympic Mvolyé, nation: undefined, 854
Team: Atjeh United F.C., nation: undefined, 855
Team: AC Bongoville, nation: undefined, 856
Team: Tourbillon FC, nation: undefined, 857
Team: Al-Salmiya SC, nation: undefined, 858
Team: Central F.C., nation: undefined, 859
Team: FK Glasinac Sokolac, nation: undefined, 860
Team: Persiba Bantul, nation: undefined, 861
Team: Joe Public F.C., nation: undefined, 862
Team: Kadji Sports Academy, nation: undefined, 863
Team: FK Rudar Prijedor, nation: undefined, 864
Team: FK Modriča, nation: undefined, 865
Team: A.S.D. Selargius Calcio, nation: undefined, 866
Team: AS Kaloum Star, nation: undefined, 867
Team: U.S. Pistoiese 1921, nation: undefined, 868
Team: Al-Shahania Sports Club, nation: undefined, 869
Team: Universidad de San Martín de Porres, nation: undefined, 870
Team: A.C. Lumezzane, nation: undefined, 871
Team: A.S.D. Paternò 1908, nation: undefined, 872
Team: S.S. Chieti Calcio, nation: undefined, 873
Team: U.S. Catanzaro 1929, nation: undefined, 874
Team: U.S. Folgore Caratese A.S.D., nation: undefined, 875
Team: Aigaleo, nation: undefined, 876
Team: Fotbal Fulnek, nation: undefined, 877
Team: Guardia Republicana, nation: undefined, 878
Team: Chicago Fire Soccer Club, nation: undefined, 879
Team: P.G. Libertas, nation: undefined, 880
Team: Union Luxembourg, nation: undefined, 881
Team: Lobi Stars F.C., nation: undefined, 882
Team: Aigle Nkongsamba, nation: undefined, 883
Team: Diamant Yaoundé, nation: undefined, 884
Team: Ubon UMT United F.C., nation: undefined, 885
Team: FA Red Boys Differdange, nation: undefined, 886
Team: Kano Pillars F.C., nation: undefined, 887
Team: A.S. Deruta, nation: undefined, 888
Team: A.S.D. Igea Virtus Barcellona, nation: undefined, 889
Team: 1. HFK Olomouc, nation: undefined, 890
Team: S.S. Milazzo, nation: undefined, 891
Team: Brasília Futebol Clube, nation: undefined, 892
Team: Antigua GFC, nation: undefined, 893
Team: Étoile FC, nation: undefined, 894
Team: Stade Gabèsien, nation: undefined, 895
Team: CS Hammam-Lif, nation: undefined, 896
Team: USM Sétif, nation: undefined, 897
Team: Dolphins F.C. (Port Harcourt), nation: undefined, 898
Team: F.C. Ebedei, nation: undefined, 899
Team: Samutsongkhram F.C., nation: undefined, 900
Team: Bangkok Glass F.C., nation: undefined, 901
Team: Bangkok United F.C., nation: undefined, 902
Team: Kuwait SC, nation: undefined, 903
Team: Persma Manado, nation: undefined, 904
Team: FK Sileks, nation: undefined, 905
Team: FK Igman Konjic, nation: undefined, 906
Team: Piacenza Calcio 1919, nation: undefined, 907
Team: U.S. Arezzo, nation: undefined, 908
Team: A.C. Porto Torres, nation: undefined, 909
Team: A.S.D. Gallipoli Football 1909, nation: undefined, 910
Team: PSMS Medan, nation: undefined, 911
Team: Calcio Lecco 1912, nation: undefined, 912
Team: S.S. Monza 1912, nation: undefined, 913
Team: 1. SC Znojmo, nation: undefined, 914
Team: VB Addu FC, nation: undefined, 915
Team: Mushuc Runa S.C., nation: undefined, 916
Team: Persepam Madura Utama, nation: undefined, 917
Team: AC Merlan, nation: undefined, 918
Team: CA Spora Luxembourg, nation: undefined, 919
Team: Tritium Calcio 1908, nation: undefined, 920
Team: AS Samaritaine, nation: undefined, 921
Team: A.C. Reggiana 1919, nation: undefined, 922
Team: Al Urooba, nation: undefined, 923
Team: Fort Lauderdale Strikers, nation: undefined, 924
Team: Hilal Al-Quds Club, nation: undefined, 925
Team: Double Flower FA, nation: undefined, 926
Team: A.S.D. Pontevecchio, nation: undefined, 927
Team: Pattaya United F.C., nation: undefined, 928
Team: F.C. Kallon, nation: undefined, 929
Team: U.S.D. Rivarolese 1906, nation: undefined, 930
Team: Army United F.C., nation: undefined, 931
Team: Melaka United F.C., nation: undefined, 932
Team: Vicenza Calcio, nation: undefined, 933
Team: AFK Atlantic Lázně Bohdaneč, nation: undefined, 934
Team: Bontang F.C., nation: undefined, 935
Team: A.S.D. Ferentino Calcio, nation: undefined, 936
Team: Persiram Raja Ampat, nation: undefined, 937
Team: S.S.D. Pro Sesto Calcio, nation: undefined, 938
Team: A.S. Real Cesenatico, nation: undefined, 939
Team: Louisville City FC, nation: undefined, 940
Team: Universidad Técnica de Cajamarca, nation: undefined, 941
Team: S.E.F. Torres 1903, nation: undefined, 942
Team: U.C. Montecchio Maggiore, nation: undefined, 943
Team: MFK Karviná, nation: undefined, 944
Team: Miami United F.C., nation: undefined, 945
Team: FC Schalke 04 II, nation: undefined, 946
Team: Paganese Calcio 1926, nation: undefined, 947
Team: U.S. Darfo Boario S.S.D., nation: undefined, 948
Team: Pol. Virtus Castelfranco Calcio, nation: undefined, 949
Team: FK Ústí nad Labem, nation: undefined, 950
Team: A.S.D. Sporting Terni, nation: undefined, 951
Team: US Monastir, nation: undefined, 952
Team: NYU Violets, nation: undefined, 953
Team: S.S. Teramo Calcio, nation: undefined, 954
Team: FK Napredok, nation: undefined, 955
Team: S.S. Real Montecchio, nation: undefined, 956
Team: Mount Cameroon FC, nation: undefined, 957
Team: Petare F.C., nation: undefined, 958
Team: A.S.D. Pianura, nation: undefined, 959
Team: F.C. Crotone, nation: undefined, 960
Team: A.S.D.C. Gozzano, nation: undefined, 961
Team: A.S.D. Portogruaro, nation: undefined, 962
Team: A.C. Mezzocorona, nation: undefined, 963
Team: Police United F.C., nation: undefined, 964
Team: A.S.D. Sarzanese Calcio 1906, nation: undefined, 965
Team: B68 Toftir, nation: undefined, 966
Team: A.S. Pro Piacenza 1919, nation: undefined, 967
Team: FK Teteks, nation: undefined, 968
Team: Eyüpspor, nation: undefined, 969
Team: RC Bobo Dioulasso, nation: undefined, 970
Team: Fort Lauderdale Strikers (1988–94), nation: undefined, 971
Team: Harrisburg City Islanders, nation: undefined, 972
Team: U.S. Vigor Senigallia, nation: undefined, 973
Team: Hoàng Anh Gia Lai F.C., nation: undefined, 974
Team: ASEC Ndiambour, nation: undefined, 975
Team: Difaâ Hassani El Jadidi, nation: undefined, 976
Team: Bermuda Hogges, nation: undefined, 977
Team: A.C. Prato, nation: undefined, 978
Team: G.S.D. Rosignano Sei Rose, nation: undefined, 979
Team: Los Angeles Salsa, nation: undefined, 980
Team: Porvenir Miraflores, nation: undefined, 981
Team: Al-Ahli Dubai F.C., nation: undefined, 982
Team: A.S.D. Boca Ascesa Val Liona, nation: undefined, 983
Team: Olympique Club de Khouribga, nation: undefined, 984
Team: T–Team F.C., nation: undefined, 985
Team: First Bank F.C., nation: undefined, 986
Team: G.S. Bagnolese A.S.D., nation: undefined, 987
Team: New York Cosmos (1970–85), nation: undefined, 988
Team: Mazara Calcio A.S.D., nation: undefined, 989
Team: Al-Safa' SC, nation: undefined, 990
Team: Charlotte Independence, nation: undefined, 991
Team: José Gálvez FBC, nation: undefined, 992
Team: Defence Force F.C., nation: undefined, 993
Team: MFK Frýdek-Místek, nation: undefined, 994
Team: S.S.D. Jesina Calcio, nation: undefined, 995
Team: S.S.D. Città di Brindisi, nation: undefined, 996
Team: A.S.D. Giallo-Blu Figline, nation: undefined, 997
Team: A.D. Municipal Liberia, nation: undefined, 998
Team: Portland Timbers 2, nation: undefined, 999
Team: Wellington United, nation: undefined, 1000
Team: Manfredonia Calcio, nation: undefined, 1001
Team: A.C. Formigine A.S.D., nation: undefined, 1002
Team: Stade Malien, nation: undefined, 1003
Team: Calabar Rovers F.C., nation: undefined, 1004
Team: Philadelphia Spartans, nation: undefined, 1005
Team: S.S.D. Correggese Calcio 1948, nation: undefined, 1006
Team: Muangthong United F.C., nation: undefined, 1007
Team: U.S.D. Recanatese 1923, nation: undefined, 1008
Team: FK Baník Sokolov, nation: undefined, 1009
Team: Foot Ball Club di Roma, nation: undefined, 1010
Team: KF Shkëndija, nation: undefined, 1011
Team: U.S. Gavorrano, nation: undefined, 1012
Team: Songkhla United F.C., nation: undefined, 1013
Team: Al-Nasr Dubai SC, nation: undefined, 1014
Team: C.R.D. Libolo, nation: undefined, 1015
Team: Detroit Express, nation: undefined, 1016
Team: Pol. Maccarese Giada, nation: undefined, 1017
Team: Harbour View F.C., nation: undefined, 1018
Team: Suwaiq Club, nation: undefined, 1019
Team: Zanaco F.C., nation: undefined, 1020
Team: New York Red Bulls II, nation: undefined, 1021
Team: ASM Oran, nation: undefined, 1022
Team: Warriors FC, nation: undefined, 1023
Team: FK Olimpic, nation: undefined, 1024
Team: Balestier Khalsa FC, nation: undefined, 1025
Team: Oryx Douala, nation: undefined, 1026
Team: Diambars FC, nation: undefined, 1027
Team: C.S.D. Comunicaciones, nation: undefined, 1028
Team: El-Kanemi Warriors F.C., nation: undefined, 1029
Team: Apollon Kalamarias, nation: undefined, 1030
Team: F.C. New York, nation: undefined, 1031
Team: MAS Fez, nation: undefined, 1032
Team: US Gorée, nation: undefined, 1033
Team: Casa Sports, nation: undefined, 1034
Team: Deportivo Anzoátegui, nation: undefined, 1035
Team: Chicago Power, nation: undefined, 1036
Team: Kwara United F.C., nation: undefined, 1037
Team: FC Aris Bonnevoie, nation: undefined, 1038
Team: Jacksonville Tea Men, nation: undefined, 1039
Team: Stade Dudelange, nation: undefined, 1040
Team: Happy Valley AA, nation: undefined, 1041
Team: Niger Tornadoes F.C., nation: undefined, 1042
Team: PHC Zebras, nation: undefined, 1043
Team: Hatta Club, nation: undefined, 1044
Team: Negeri Sembilan FA, nation: undefined, 1045
Team: AS Mangasport, nation: undefined, 1046
Team: Terengganu FA, nation: undefined, 1047
Team: Europa F.C., nation: undefined, 1048
Team: Seattle Sounders (1974–83), nation: undefined, 1049
Team: C.S.D. Macará, nation: undefined, 1050
Team: Persija Jakarta, nation: undefined, 1051
Team: Tivoli Gardens F.C., nation: undefined, 1052
Team: Mighty Barrolle, nation: undefined, 1053
Team: Persema Malang, nation: undefined, 1054
Team: Stationery Stores F.C., nation: undefined, 1055
Team: Brantford Galaxy, nation: undefined, 1056
Team: A.P.D. Ribelle 1927, nation: undefined, 1057
Team: Al Kharaitiyat SC, nation: undefined, 1058
Team: C.D. ESPOLI, nation: undefined, 1059
Team: Power Dynamos F.C., nation: undefined, 1060
Team: Al Jazira Club, nation: undefined, 1061
Team: LISCR FC, nation: undefined, 1062
Team: CAPS United F.C., nation: undefined, 1063
Team: FC Dordoi Bishkek, nation: undefined, 1064
Team: Virginia Beach Mariners, nation: undefined, 1065
Team: FC Differdange 03, nation: undefined, 1066
Team: S.S. Murata, nation: undefined, 1067
Team: S.S.D. Casarano Calcio, nation: undefined, 1068
Team: Home United FC, nation: undefined, 1069
Team: Wikki Tourists F.C., nation: undefined, 1070
Team: GC Mascara, nation: undefined, 1071
Team: FK Renova, nation: undefined, 1072
Team: FC Zenit-2 Saint Petersburg, nation: undefined, 1073
Team: New York Hakoah, nation: undefined, 1074
Team: Sarawak FA, nation: undefined, 1075
Team: Jersey Express S.C., nation: undefined, 1076
Team: Fortitudo-Pro Roma S.G.S., nation: undefined, 1077
Team: A.S. Sestese Calcio, nation: undefined, 1078
Team: New York Arrows, nation: undefined, 1079
Team: U.S. Salernitana 1919, nation: undefined, 1080
Team: C.S. Cartaginés, nation: undefined, 1081
Team: A.C. Renate, nation: undefined, 1082
Team: USM Annaba, nation: undefined, 1083
Team: ES Guelma, nation: undefined, 1084
Team: Houston Hurricane, nation: undefined, 1085
Team: Mineros de Guayana, nation: undefined, 1086
Team: Al-Arabi SC (Kuwait), nation: undefined, 1087
Team: Shooting Stars S.C., nation: undefined, 1088
Team: Ratchaburi Mitr Phol F.C., nation: undefined, 1089
Team: Djoliba AC, nation: undefined, 1090
Team: U.S. Castrovillari Calcio, nation: undefined, 1091
Team: S.S.D. Massese, nation: undefined, 1092
Team: A.S.D. Narnese Calcio, nation: undefined, 1093
Team: A.S.D.C. Canelli, nation: undefined, 1094
Team: S.P. La Fiorita, nation: undefined, 1095
Team: Siracusa Calcio (2013 club), nation: undefined, 1096
Team: S.P.A.L. 2013, nation: undefined, 1097
Team: U.S. Calcio Trani, nation: undefined, 1098
Team: Molinella Calcio 1911, nation: undefined, 1099
Team: S.S.D. Castel San Pietro Terme Calcio, nation: undefined, 1100
Team: S.S. Rende, nation: undefined, 1101
Team: PWD Bamenda, nation: undefined, 1102
Team: A.C. Cantù G.S. San Paolo, nation: undefined, 1103
Team: A.S.D. Licata 1931, nation: undefined, 1104
Team: D.C. United, nation: undefined, 1105
Team: U.S.D. Palmese, nation: undefined, 1106
Team: Atlético Sport Aviação, nation: undefined, 1107
Team: Llaneros Escuela de Fútbol, nation: undefined, 1108
Team: A.S.D. Sanvitese, nation: undefined, 1109
Team: Juventus F.C., nation: undefined, 1110
Team: Valenzana Mado, nation: undefined, 1111
Team: Acqui U.S. 1911, nation: undefined, 1112
Team: S.S. Scafatese Calcio 1922, nation: undefined, 1113
Team: A.S. Ostia Mare Lido Calcio, nation: undefined, 1114
Team: Faenza Calcio, nation: undefined, 1115
Team: Madura United F.C., nation: undefined, 1116
Team: Foggia Calcio, nation: undefined, 1117
Team: Pro Sulmona Calcio 1921, nation: undefined, 1118
Team: Renato Curi Angolana, nation: undefined, 1119
Team: A.C. Rodengo Saiano, nation: undefined, 1120
Team: F.C.D. Conegliano Calcio 1907, nation: undefined, 1121
Team: Warri Wolves F.C., nation: undefined, 1122
Team: Atlético Celaya, nation: undefined, 1123
Team: Espérance Sportive de Tunis, nation: undefined, 1124
Team: ACB Lagos, nation: undefined, 1125
Team: Alma Juventus Fano 1906, nation: undefined, 1126
Team: Las Vegas Quicksilvers, nation: undefined, 1127
Team: Atletico Piombino, nation: undefined, 1128
Team: Iraklis 1908 Thessaloniki F.C., nation: undefined, 1129
Team: LA Galaxy II, nation: undefined, 1130
Team: A.S. Gualdo Casacastalda, nation: undefined, 1131
Team: Rayo OKC, nation: undefined, 1132
Team: S.V. Transvaal, nation: undefined, 1133
Team: Minnesota Strikers, nation: undefined, 1134
Team: Suphanburi F.C., nation: undefined, 1135
Team: Portland Timbers (1975–82), nation: undefined, 1136
Team: U.S.D. Sestri Levante 1919, nation: undefined, 1137
Team: Moghreb Tétouan, nation: undefined, 1138
Team: Pittsburgh Phantoms (NPSL), nation: undefined, 1139
Team: California Surf, nation: undefined, 1140
Team: F.C. Vado, nation: undefined, 1141
Team: Sunshine Stars F.C., nation: undefined, 1142
Team: Brunei DPMM FC, nation: undefined, 1143
Team: Kaduna United F.C., nation: undefined, 1144
Team: JS Centre Salif Keita, nation: undefined, 1145
Team: A.C. Perugia Calcio, nation: undefined, 1146
Team: Qatar SC, nation: undefined, 1147
Team: FC Zbrojovka Brno, nation: undefined, 1148
Team: A.C. Ponte San Pietro Isola S.S.D., nation: undefined, 1149
Team: FC Baník Ostrava, nation: undefined, 1150
Team: PTT Rayong F.C., nation: undefined, 1151
Team: S.S.D. Puteolana 1902 Internapoli, nation: undefined, 1152
Team: MC Saïda, nation: undefined, 1153
Team: Clube Recreativo e Atlético Catalano, nation: undefined, 1154
Team: Carolina Dynamo, nation: undefined, 1155
Team: Miami Dade FC, nation: undefined, 1156
Team: Matera Calcio, nation: undefined, 1157
Team: Johor Darul Ta'zim F.C., nation: undefined, 1158
Team: Lekhwiya SC, nation: undefined, 1159
Team: Cleveland Stokers, nation: undefined, 1160
Team: Sapins FC, nation: undefined, 1161
Team: Karlsruher SC II, nation: undefined, 1162
Team: Los Angeles Lazers, nation: undefined, 1163
Team: FK Metalurg Skopje, nation: undefined, 1164
Team: Hong Kong Rangers FC, nation: undefined, 1165
Team: A.S.D. Nuova Cassino 1924, nation: undefined, 1166
Team: Chabab Rif Al Hoceima, nation: undefined, 1167
Team: Tadamon Sour, nation: undefined, 1168
Team: Minnesota United FC, nation: undefined, 1169
Team: Invincible Eleven, nation: undefined, 1170
Team: Dallas Sidekicks (1984–2004), nation: undefined, 1171
Team: Ottawa Fury FC, nation: undefined, 1172
Team: USM Oran, nation: undefined, 1173
Team: Racing FC Union Luxembourg, nation: undefined, 1174
Team: U.S.D. Novese, nation: undefined, 1175
Team: AS Excelsior, nation: undefined, 1176
Team: A.S. Noicattaro Calcio, nation: undefined, 1177
Team: Civitanovese Calcio, nation: undefined, 1178
Team: Seiko SA, nation: undefined, 1179
Team: A.D. Carmelita, nation: undefined, 1180
Team: Virtus Entella, nation: undefined, 1181
Team: San Antonio Scorpions, nation: undefined, 1182
Team: Orange County Blue Star, nation: undefined, 1183
Team: RC Kouba, nation: undefined, 1184
Team: U.S. Città di Pontedera, nation: undefined, 1185
Team: FC Balzers, nation: undefined, 1186
Team: Sabah FA, nation: undefined, 1187
Team: Kelantan FA, nation: undefined, 1188
Team: A.S.D. Giorgione Calcio 2000, nation: undefined, 1189
Team: A.S.D. G.C. Sora, nation: undefined, 1190
Team: Alianza F.C., nation: undefined, 1191
Team: Shabab Al-Khalil SC, nation: undefined, 1192
Team: JSM Béjaïa, nation: undefined, 1193
Team: A.S. Fasano, nation: undefined, 1194
Team: CR Belouizdad, nation: undefined, 1195
Team: FK Rabotnički, nation: undefined, 1196
Team: Pittsburgh Riverhounds, nation: undefined, 1197
Team: F.C. Aprilia, nation: undefined, 1198
Team: Colleferro Calcio 1937, nation: undefined, 1199
